2025-08-04 18:23:17,119 - PPOProduction - INFO - ================================================================================
2025-08-04 18:23:17,120 - PPOProduction - INFO - PPO PRODUCTION TRAINER INITIALIZED
2025-08-04 18:23:17,120 - PPOProduction - INFO - ================================================================================
2025-08-04 18:23:17,120 - PPOProduction - INFO - Config: {
  "sl_checkpoint_path": "checkpoints/best_model.pt",
  "checkpoint_dir": "production_checkpoints",
  "max_iterations": 50,
  "value_pretrain_iterations": 15,
  "checkpoint_interval": 5,
  "keep_best_k": 5,
  "validation_interval": 5,
  "validation_runs": 3,
  "patience": 15,
  "min_delta": 0.001,
  "confidence_level": 0.95,
  "plateau_threshold": 3,
  "learning_rate": 5e-05,
  "value_learning_rate": 0.0005,
  "clip_epsilon": 0.1,
  "ppo_epochs": 2,
  "rollout_steps": 256,
  "gamma": 0.95,
  "gae_lambda": 0.9,
  "device": "cpu",
  "log_level": "INFO",
  "enable_tensorboard": true
}
2025-08-04 18:23:17,120 - PPOProduction - INFO - 
🚀 STARTING PRODUCTION TRAINING
2025-08-04 18:23:17,120 - PPOProduction - INFO - 
📊 ESTABLISHING SL BASELINE
